wq/proguard-project.txt
# To enable ProGuard in your project, edit project.properties
# to define the proguard.config property as described in that file.
#
# Add project specific ProGuard rules here.
# By default, the flags in this file are appended to flags specified
# in ${sdk.dir}/tools/proguard/proguard-android.txt
# You can edit the include path and order by changing the ProGuard
# include property in project.properties.
#
# For more details, see
#   http://developer.android.com/guide/developing/tools/proguard.html

# Add any project specific keep options here:

# If your project uses WebView with JS, uncomment the following
# and specify the fully qualified class name to the JavaScript interface
# class:
-keepclassmembers class fqcn.of.javascript.interface.for.webview {
   public *;
}

-dontskipnonpubliclibraryclassmembers

-libraryjars libs/android-support-v4.jar  
-libraryjars libs/achartengine-1.1.0.jar
-libraryjars libs/android-custom-vg.2.6.0.jar
-libraryjars libs/core.jar
-libraryjars libs/jakarta-oro-2.0.8.jar
-libraryjars libs/locSDK_4.0.jar
-libraryjars libs/pinyin4j-2.5.0.jar
-dontwarn android.net.http.**
-dontwarn android.support.v4.**  
-dontwarn  org.apache.oro.**  
-dontwarn  corg.achartengine.**  
-dontwarn  com.custom.vg.list.**  
-dontwarn  com.baidu.location.** 
-ignorewarnings
-dontwarn 
-keep class **.R$* {   *;  }
-keep class com.baidu.location.** { *;} 
-keep class android.net.http.** { *;}
-keep class android.support.v4.** { *; }   
-keep class org.apache.oro.**{*;}
-keep class corg.achartengine.**{*;}
-keep class com.custom.vg.list.**{*;}
-keep class com.wq.model.**{*;}
-keep class net.sourceforge.pinyin4j.**{*;}
-keep class com.hp.hpl.sparta.**{*;}
-keep class net.sourceforge.pinyin4j.**{*;}
-keep class demo.**{*;}
-keep class com.tencent.mm.sdk.openapi.WXMediaMessage {*;}
-keep class com.tencent.mm.sdk.openapi.** implements com.tencent.mm.sdk.openapi.WXMediaMessage$IMediaObject {*;}