wq/proguard/seeds.txt
com.tencent.mm.sdk.openapi.WXImageObject
com.tencent.mm.sdk.openapi.WXImageObject: byte[] imageData
com.tencent.mm.sdk.openapi.WXImageObject: java.lang.String imagePath
com.tencent.mm.sdk.openapi.WXImageObject: java.lang.String imageUrl
com.tencent.mm.sdk.openapi.WXImageObject: WXImageObject()
com.tencent.mm.sdk.openapi.WXImageObject: WXImageObject(byte[])
com.tencent.mm.sdk.openapi.WXImageObject: WXImageObject(android.graphics.Bitmap)
com.tencent.mm.sdk.openapi.WXImageObject: void setImagePath(java.lang.String)
com.tencent.mm.sdk.openapi.WXImageObject: void serialize(android.os.Bundle)
com.tencent.mm.sdk.openapi.WXImageObject: void unserialize(android.os.Bundle)
com.tencent.mm.sdk.openapi.WXImageObject: int type()
com.tencent.mm.sdk.openapi.WXImageObject: boolean checkArgs()
com.tencent.mm.sdk.openapi.WXMediaMessage
com.tencent.mm.sdk.openapi.WXMediaMessage: java.lang.String ACTION_WXAPPMESSAGE
com.tencent.mm.sdk.openapi.WXMediaMessage: int sdkVer
com.tencent.mm.sdk.openapi.WXMediaMessage: java.lang.String title
com.tencent.mm.sdk.openapi.WXMediaMessage: java.lang.String description
com.tencent.mm.sdk.openapi.WXMediaMessage: byte[] thumbData
com.tencent.mm.sdk.openapi.WXMediaMessage: com.tencent.mm.sdk.openapi.WXMediaMessage$IMediaObject mediaObject
com.tencent.mm.sdk.openapi.WXMediaMessage: WXMediaMessage()
com.tencent.mm.sdk.openapi.WXMediaMessage: WXMediaMessage(com.tencent.mm.sdk.openapi.WXMediaMessage$IMediaObject)
com.tencent.mm.sdk.openapi.WXMediaMessage: int getType()
com.tencent.mm.sdk.openapi.WXMediaMessage: void setThumbImage(android.graphics.Bitmap)
com.tencent.mm.sdk.openapi.WXMediaMessage: boolean checkArgs()
com.tencent.mm.sdk.openapi.WXMusicObject
com.tencent.mm.sdk.openapi.WXMusicObject: java.lang.String musicUrl
com.tencent.mm.sdk.openapi.WXMusicObject: java.lang.String musicLowBandUrl
com.tencent.mm.sdk.openapi.WXMusicObject: java.lang.String musicDataUrl
com.tencent.mm.sdk.openapi.WXMusicObject: java.lang.String musicLowBandDataUrl
com.tencent.mm.sdk.openapi.WXMusicObject: WXMusicObject()
com.tencent.mm.sdk.openapi.WXMusicObject: void serialize(android.os.Bundle)
com.tencent.mm.sdk.openapi.WXMusicObject: void unserialize(android.os.Bundle)
com.tencent.mm.sdk.openapi.WXMusicObject: int type()
com.tencent.mm.sdk.openapi.WXMusicObject: boolean checkArgs()
com.tencent.mm.sdk.openapi.WXTextObject
com.tencent.mm.sdk.openapi.WXTextObject: java.lang.String text
com.tencent.mm.sdk.openapi.WXTextObject: WXTextObject()
com.tencent.mm.sdk.openapi.WXTextObject: WXTextObject(java.lang.String)
com.tencent.mm.sdk.openapi.WXTextObject: void serialize(android.os.Bundle)
com.tencent.mm.sdk.openapi.WXTextObject: void unserialize(android.os.Bundle)
com.tencent.mm.sdk.openapi.WXTextObject: int type()
com.tencent.mm.sdk.openapi.WXTextObject: boolean checkArgs()
com.tencent.mm.sdk.openapi.WXVideoObject
com.tencent.mm.sdk.openapi.WXVideoObject: java.lang.String videoUrl
com.tencent.mm.sdk.openapi.WXVideoObject: java.lang.String videoLowBandUrl
com.tencent.mm.sdk.openapi.WXVideoObject: WXVideoObject()
com.tencent.mm.sdk.openapi.WXVideoObject: void serialize(android.os.Bundle)
com.tencent.mm.sdk.openapi.WXVideoObject: void unserialize(android.os.Bundle)
com.tencent.mm.sdk.openapi.WXVideoObject: int type()
com.tencent.mm.sdk.openapi.WXVideoObject: boolean checkArgs()
com.tencent.mm.sdk.openapi.WXWebpageObject
com.tencent.mm.sdk.openapi.WXWebpageObject: java.lang.String webpageUrl
com.tencent.mm.sdk.openapi.WXWebpageObject: WXWebpageObject()
com.tencent.mm.sdk.openapi.WXWebpageObject: WXWebpageObject(java.lang.String)
com.tencent.mm.sdk.openapi.WXWebpageObject: void serialize(android.os.Bundle)
com.tencent.mm.sdk.openapi.WXWebpageObject: void unserialize(android.os.Bundle)
com.tencent.mm.sdk.openapi.WXWebpageObject: int type()
com.tencent.mm.sdk.openapi.WXWebpageObject: boolean checkArgs()