wq/proguard/mapping.txt
com.wq.Adapter.findEpCircleListAdapter$ViewHolder -> com.wq.a.bx:
    android.widget.ImageView img_logo -> a
    android.widget.TextView txt_name -> b
    android.widget.TextView txt_content -> c
    android.widget.LinearLayout layout_pl_main -> d
    android.widget.LinearLayout layout_zan -> e
    android.widget.LinearLayout layout_pl -> f
    android.widget.LinearLayout layout_send -> g
    android.widget.FrameLayout img_container -> h
    com.custom.vg.list.CustomListView zan_listview -> i
    android.widget.LinearLayout layout_msg -> j
    android.widget.TextView txt_time -> k
    android.widget.TextView txt_del -> l
    android.widget.TextView txt_zan -> m
    android.view.View zan_split -> n
    android.widget.LinearLayout layout_share -> o
    android.widget.ImageView img_share -> p
    android.widget.TextView txt_share -> q
    android.widget.TextView txt_type -> r
    com.wq.Adapter.findEpCircleListAdapter this$0 -> s
com.wq.Adapter.findMsgAdapter -> com.wq.a.by:
    android.view.LayoutInflater inflater -> c
    java.util.ArrayList mlist -> d
    com.wq.Adapter.findMsgAdapter$ViewHolder viewHolder -> e
    com.wq.Interface.IecCircleInterface click -> f
    int margeSize -> g
    int index -> h
    android.content.Context mContext -> i
    net.endure.framework.FinalBitmap finalBitmap -> a
    net.endure.framework.bitmap.core.BitmapDisplayConfig config -> b
    int getCount() -> getCount
    java.lang.Object getItem(int) -> getItem
    long getItemId(int) -> getItemId
    android.view.View getView(int,android.view.View,android.view.ViewGroup) -> getView
    com.wq.Interface.IecCircleInterface access$0(com.wq.Adapter.findMsgAdapter) -> a
    int access$1(com.wq.Adapter.findMsgAdapter) -> b
    java.util.ArrayList access$2(com.wq.Adapter.findMsgAdapter) -> c
com.wq.Adapter.findMsgAdapter$1 -> com.wq.a.bz:
    com.wq.Adapter.findMsgAdapter this$0 -> a
    com.wq.model.leaveMessage val$msg -> b
    void onClick(android.view.View) -> onClick
com.wq.Adapter.findMsgAdapter$2 -> com.wq.a.ca:
    com.wq.Adapter.findMsgAdapter this$0 -> a
    int val$position -> b
    void onClick(android.view.View) -> onClick
com.wq.Adapter.findMsgAdapter$3 -> com.wq.a.cb:
    com.wq.Adapter.findMsgAdapter this$0 -> a
    com.wq.model.leaveMessage val$msg -> b
    void onClick(android.view.View) -> onClick
com.wq.Adapter.findMsgAdapter$ViewHolder -> com.wq.a.cc:
    android.widget.TextView txt_lea_name -> a
    android.widget.RelativeLayout layout_main -> b
    android.widget.TextView txt_content -> c
    android.widget.TextView txt_again -> d
    android.widget.LinearLayout layout_main1 -> e
    com.wq.Adapter.findMsgAdapter this$0 -> f
com.wq.Adapter.findZHListAdapter -> com.wq.a.cd:
    android.view.LayoutInflater inflater -> e
    java.util.ArrayList mlist -> f
    com.wq.Adapter.findZHListAdapter$ViewHolder viewHolder -> g
    net.endure.framework.FinalBitmap finalBitmap -> a
    net.endure.framework.bitmap.core.BitmapDisplayConfig displayConfig -> b
    android.content.Context mContext -> c
    android.os.Handler handler -> d
    int getCount() -> getCount
    java.lang.Object getItem(int) -> getItem
    long getItemId(int) -> getItemId
    android.view.View getView(int,android.view.View,android.view.ViewGroup) -> getView
com.wq.Adapter.findZHListAdapter$1 -> com.wq.a.ce:
    com.wq.Adapter.findZHListAdapter this$0 -> a
    int val$position -> b
    void onClick(android.view.View) -> onClick
com.wq.Adapter.findZHListAdapter$ViewHolder -> com.wq.a.cf:
    android.widget.ImageView img_logo -> a
    android.widget.TextView txt_title -> b
    android.widget.TextView txt_content -> c
    android.widget.TextView txt_time -> d
    com.wq.Adapter.findZHListAdapter this$0 -> e