wq/proguard/usage.txt
android.annotation.SuppressLint
android.annotation.TargetApi
com.endure.myframework.R:
    9:9:public R()
com.endure.wq.BuildConfig
com.endure.wq.R:
    10:10:public R()
com.google.zxing.BinaryBitmap:
    92:92:public boolean isCropSupported()
    106:107:public com.google.zxing.BinaryBitmap crop(int,int,int,int)
    135:136:public com.google.zxing.BinaryBitmap rotateCounterClockwise45()
com.google.zxing.LuminanceSource:
    80:80:public boolean isCropSupported()
    94:94:public com.google.zxing.LuminanceSource crop(int,int,int,int)
    121:121:public com.google.zxing.LuminanceSource rotateCounterClockwise45()
com.google.zxing.MultiFormatReader:
    54:55:public com.google.zxing.Result decode(com.google.zxing.BinaryBitmap)
com.google.zxing.MultiFormatWriter:
    45:45:public com.google.zxing.common.BitMatrix encode(java.lang.String,com.google.zxing.BarcodeFormat,int,int)
com.google.zxing.PlanarYUVLuminanceSource:
    108:108:public boolean isCropSupported()
    113:113:public com.google.zxing.LuminanceSource crop(int,int,int,int)
com.google.zxing.RGBLuminanceSource
com.google.zxing.Reader:
    public abstract com.google.zxing.Result decode(com.google.zxing.BinaryBitmap)
com.google.zxing.Result:
    125:125:public long getTimestamp()
com.google.zxing.Writer:
    public abstract com.google.zxing.common.BitMatrix encode(java.lang.String,com.google.zxing.BarcodeFormat,int,int)
com.google.zxing.aztec.AztecReader:
    53:53:public com.google.zxing.Result decode(com.google.zxing.BinaryBitmap)
com.google.zxing.client.result.AddressBookParsedResult:
    71:71:public java.lang.String[] getNames()
    81:81:public java.lang.String getPronunciation()
    85:85:public java.lang.String[] getPhoneNumbers()
    93:93:public java.lang.String[] getPhoneTypes()
    97:97:public java.lang.String[] getEmails()
    105:105:public java.lang.String[] getEmailTypes()
    109:109:public java.lang.String getInstantMessenger()
    113:113:public java.lang.String getNote()
    117:117:public java.lang.String[] getAddresses()
    125:125:public java.lang.String[] getAddressTypes()
    129:129:public java.lang.String getTitle()
    133:133:public java.lang.String getOrg()
    137:137:public java.lang.String getURL()
    144:144:public java.lang.String getBirthday()
com.google.zxing.client.result.CalendarParsedResult:
    85:85:public java.lang.String getSummary()
    92:92:public java.util.Date getStart()
    99:99:public boolean isStartAllDay()
    107:107:public java.util.Date getEnd()
    114:114:public boolean isEndAllDay()
    118:118:public java.lang.String getLocation()
    122:122:public java.lang.String getOrganizer()
    126:126:public java.lang.String[] getAttendees()
    130:130:public java.lang.String getDescription()
    134:134:public double getLatitude()
    138:138:public double getLongitude()
com.google.zxing.client.result.EmailAddressParsedResult:
    41:41:public java.lang.String getEmailAddress()
    45:45:public java.lang.String getSubject()
    49:49:public java.lang.String getBody()
    53:53:public java.lang.String getMailtoURI()
com.google.zxing.client.result.ExpandedProductParsedResult:
    public static final java.lang.String KILOGRAM
    public static final java.lang.String POUND
    138:138:public java.lang.String getProductID()
    142:142:public java.lang.String getSscc()
    146:146:public java.lang.String getLotNumber()
    150:150:public java.lang.String getProductionDate()
    154:154:public java.lang.String getPackagingDate()
    158:158:public java.lang.String getBestBeforeDate()
    162:162:public java.lang.String getExpirationDate()
    166:166:public java.lang.String getWeight()
    170:170:public java.lang.String getWeightType()
    174:174:public java.lang.String getWeightIncrement()
    178:178:public java.lang.String getPrice()
    182:182:public java.lang.String getPriceIncrement()
    186:186:public java.lang.String getPriceCurrency()
    190:190:public java.util.Map getUncommonAIs()